i686-apple-darwin11-llvm-g++-4.2: Projects/Nodejs/course/chat/node_modules/socket.io/node_modules/socket.io-client/node_modules/ws/node_modules/nan: No such file or directory
../src/bufferutil.cc:15:17: error: nan.h: No such file or directory
../src/bufferutil.cc:37: error: ‘New’ has not been declared
../src/bufferutil.cc:37: error: ISO C++ forbids declaration of ‘NAN_METHOD’ with no type
../src/bufferutil.cc:45: error: ‘Merge’ has not been declared
../src/bufferutil.cc:45: error: ISO C++ forbids declaration of ‘NAN_METHOD’ with no type
../src/bufferutil.cc:45: error: ‘static int BufferUtil::NAN_METHOD(int)’ cannot be overloaded
../src/bufferutil.cc:37: error: with ‘static int BufferUtil::NAN_METHOD(int)’
../src/bufferutil.cc:63: error: ‘Unmask’ has not been declared
../src/bufferutil.cc:63: error: ISO C++ forbids declaration of ‘NAN_METHOD’ with no type
../src/bufferutil.cc:63: error: ‘static int BufferUtil::NAN_METHOD(int)’ cannot be overloaded
../src/bufferutil.cc:37: error: with ‘static int BufferUtil::NAN_METHOD(int)’
../src/bufferutil.cc:84: error: ‘Mask’ has not been declared
../src/bufferutil.cc:84: error: ISO C++ forbids declaration of ‘NAN_METHOD’ with no type
../src/bufferutil.cc:84: error: ‘static int BufferUtil::NAN_METHOD(int)’ cannot be overloaded
../src/bufferutil.cc:37: error: with ‘static int BufferUtil::NAN_METHOD(int)’
../src/bufferutil.cc: In static member function ‘static void BufferUtil::Initialize(v8::Handle<v8::Object>)’:
../src/bufferutil.cc:26: error: ‘NanScope’ was not declared in this scope
../src/bufferutil.cc:27: error: ‘New’ was not declared in this scope
../src/bufferutil.cc:29: error: ‘Unmask’ is not a member of ‘BufferUtil’
../src/bufferutil.cc:30: error: ‘Mask’ is not a member of ‘BufferUtil’
../src/bufferutil.cc:31: error: ‘Merge’ is not a member of ‘BufferUtil’
../src/bufferutil.cc: In static member function ‘static int BufferUtil::NAN_METHOD(int)’:
../src/bufferutil.cc:39: error: ‘NanScope’ was not declared in this scope
../src/bufferutil.cc:41: error: ‘args’ was not declared in this scope
../src/bufferutil.cc:42: error: ‘NanReturnValue’ was not declared in this scope
../src/bufferutil.cc:43: warning: no return statement in function returning non-void
../src/bufferutil.cc: In static member function ‘static int BufferUtil::NAN_METHOD(int)’:
../src/bufferutil.cc:47: error: ‘NanScope’ was not declared in this scope
../src/bufferutil.cc:48: error: ‘args’ was not declared in this scope
../src/bufferutil.cc:60: error: ‘NanReturnValue’ was not declared in this scope
../src/bufferutil.cc:61: warning: no return statement in function returning non-void
../src/bufferutil.cc: In static member function ‘static int BufferUtil::NAN_METHOD(int)’:
../src/bufferutil.cc:65: error: ‘NanScope’ was not declared in this scope
../src/bufferutil.cc:66: error: ‘args’ was not declared in this scope
../src/bufferutil.cc:81: error: ‘NanReturnValue’ was not declared in this scope
../src/bufferutil.cc:82: warning: no return statement in function returning non-void
../src/bufferutil.cc: In static member function ‘static int BufferUtil::NAN_METHOD(int)’:
../src/bufferutil.cc:86: error: ‘NanScope’ was not declared in this scope
../src/bufferutil.cc:87: error: ‘args’ was not declared in this scope
../src/bufferutil.cc:106: error: ‘NanReturnValue’ was not declared in this scope
../src/bufferutil.cc:107: warning: no return statement in function returning non-void
../src/bufferutil.cc: In function ‘void init(v8::Handle<v8::Object>)’:
../src/bufferutil.cc:112: error: ‘NanScope’ was not declared in this scope
make: *** [Release/obj.target/bufferutil/src/bufferutil.o] Error 1
gyp ERR! build error 
gyp ERR! stack Error: `make` failed with exit code: 2
gyp ERR! stack     at ChildProcess.onExit (/usr/local/lib/node_modules/npm/node_modules/node-gyp/lib/build.js:267:23)
gyp ERR! stack     at ChildProcess.EventEmitter.emit (events.js:98:17)
gyp ERR! stack     at Process.ChildProcess._handle.onexit (child_process.js:789:12)
gyp ERR! System Darwin 11.4.2
gyp ERR! command "node" "/usr/local/lib/node_modules/npm/node_modules/node-gyp/bin/node-gyp.js" "rebuild"
gyp ERR! cwd /Users/saguirre/Documents/Projects/Js Projects/Nodejs/course/chat/node_modules/socket.io/node_modules/socket.io-client/node_modules/ws
gyp ERR! node -v v0.10.18
gyp ERR! node-gyp -v v0.10.9
gyp ERR! not ok 
